Flow report for qsys_hello_world
Sun Aug 06 11:38:43 2023
Quartus Prime Version 18.0.0 Build 614 04/24/2018 SJ Standard Edition


---------------------
; Table of Contents ;
---------------------
  1. Legal Notice
  2. Flow Summary
  3. Flow Settings
  4. Flow Non-Default Global Settings
  5. Flow Elapsed Time
  6. Flow OS Summary
  7. Flow Log
  8. Flow Messages
  9. Flow Suppressed Messages



----------------
; Legal Notice ;
----------------
Copyright (C) 2018  Intel Corporation. All rights reserved.
Your use of Intel Corporation's design tools, logic functions 
and other software and tools, and its AMPP partner logic 
functions, and any output files from any of the foregoing 
(including device programming or simulation files), and any 
associated documentation or information are expressly subject 
to the terms and conditions of the Intel Program License 
Subscription Agreement, the Intel Quartus Prime License Agreement,
the Intel FPGA IP License Agreement, or other applicable license
agreement, including, without limitation, that your use is for
the sole purpose of programming logic devices manufactured by
Intel and sold by Intel or its authorized distributors.  Please
refer to the applicable agreement for further details.



+--------------------------------------------------------------------------------------+
; Flow Summary                                                                         ;
+------------------------------------+-------------------------------------------------+
; Flow Status                        ; Successful - Sun Aug 06 11:38:43 2023           ;
; Quartus Prime Version              ; 18.0.0 Build 614 04/24/2018 SJ Standard Edition ;
; Revision Name                      ; qsys_hello_world                                ;
; Top-level Entity Name              ; qsys_hello_world                                ;
; Family                             ; Cyclone IV E                                    ;
; Device                             ; EP4CE10F17C8                                    ;
; Timing Models                      ; Final                                           ;
; Total logic elements               ; 3,609 / 10,320 ( 35 % )                         ;
;     Total combinational functions  ; 3,289 / 10,320 ( 32 % )                         ;
;     Dedicated logic registers      ; 1,956 / 10,320 ( 19 % )                         ;
; Total registers                    ; 1956                                            ;
; Total pins                         ; 2 / 180 ( 1 % )                                 ;
; Total virtual pins                 ; 0                                               ;
; Total memory bits                  ; 309,120 / 423,936 ( 73 % )                      ;
; Embedded Multiplier 9-bit elements ; 4 / 46 ( 9 % )                                  ;
; Total PLLs                         ; 1 / 2 ( 50 % )                                  ;
+------------------------------------+-------------------------------------------------+


+-----------------------------------------+
; Flow Settings                           ;
+-------------------+---------------------+
; Option            ; Setting             ;
+-------------------+---------------------+
; Start date & time ; 08/06/2023 11:37:30 ;
; Main task         ; Compilation         ;
; Revision Name     ; qsys_hello_world    ;
+-------------------+---------------------+


+----------------------------------------------------------------------------------------------------------------------------------------------+
; Flow Non-Default Global Settings                                                                                                             ;
+-------------------------------------+---------------------------------------------------------+---------------+-------------+----------------+
; Assignment Name                     ; Value                                                   ; Default Value ; Entity Name ; Section Id     ;
+-------------------------------------+---------------------------------------------------------+---------------+-------------+----------------+
; COMPILER_SIGNATURE_ID               ; 963355660108.169129305028392                            ; --            ; --          ; --             ;
; EDA_OUTPUT_DATA_FORMAT              ; Verilog Hdl                                             ; --            ; --          ; eda_simulation ;
; EDA_SIMULATION_TOOL                 ; ModelSim (Verilog)                                      ; <None>        ; --          ; --             ;
; EDA_TIME_SCALE                      ; 1 ps                                                    ; --            ; --          ; eda_simulation ;
; MAX_CORE_JUNCTION_TEMP              ; 85                                                      ; --            ; --          ; --             ;
; MIN_CORE_JUNCTION_TEMP              ; 0                                                       ; --            ; --          ; --             ;
; MISC_FILE                           ; ../Qsys/hardware/synthesis/../hello.cmp                 ; --            ; --          ; --             ;
; MISC_FILE                           ; ../Qsys/hardware/synthesis/../../hello.qsys             ; --            ; --          ; --             ;
; MISC_FILE                           ; ipcore/pll_inst.v                                       ; --            ; --          ; --             ;
; MISC_FILE                           ; ipcore/pll_bb.v                                         ; --            ; --          ; --             ;
; MISC_FILE                           ; ipcore/pll.ppf                                          ; --            ; --          ; --             ;
; NOMINAL_CORE_SUPPLY_VOLTAGE         ; 1.2V                                                    ; --            ; --          ; --             ;
; OUTPUT_IO_TIMING_FAR_END_VMEAS      ; Half Signal Swing                                       ; --            ; --          ; --             ;
; OUTPUT_IO_TIMING_FAR_END_VMEAS      ; Half Signal Swing                                       ; --            ; --          ; --             ;
; OUTPUT_IO_TIMING_NEAR_END_VMEAS     ; Half Vccio                                              ; --            ; --          ; --             ;
; OUTPUT_IO_TIMING_NEAR_END_VMEAS     ; Half Vccio                                              ; --            ; --          ; --             ;
; PARTITION_COLOR                     ; -- (Not supported for targeted family)                  ; --            ; --          ; Top            ;
; PARTITION_FITTER_PRESERVATION_LEVEL ; -- (Not supported for targeted family)                  ; --            ; --          ; Top            ;
; PARTITION_NETLIST_TYPE              ; -- (Not supported for targeted family)                  ; --            ; --          ; Top            ;
; POWER_BOARD_THERMAL_MODEL           ; None (CONSERVATIVE)                                     ; --            ; --          ; --             ;
; POWER_PRESET_COOLING_SOLUTION       ; 23 MM HEAT SINK WITH 200 LFPM AIRFLOW                   ; --            ; --          ; --             ;
; PROJECT_OUTPUT_DIRECTORY            ; output_files                                            ; --            ; --          ; --             ;
; SLD_FILE                            ; ../Qsys/hardware/synthesis/hello.regmap                 ; --            ; --          ; --             ;
; SLD_FILE                            ; ../Qsys/hardware/synthesis/hello.debuginfo              ; --            ; --          ; --             ;
; SLD_INFO                            ; QSYS_NAME hello HAS_SOPCINFO 1 GENERATION_ID 1691052364 ; --            ; hello       ; --             ;
; SOPCINFO_FILE                       ; ../Qsys/hardware/synthesis/../../hello.sopcinfo         ; --            ; --          ; --             ;
; SYNTHESIS_ONLY_QIP                  ; On                                                      ; --            ; --          ; --             ;
+-------------------------------------+---------------------------------------------------------+---------------+-------------+----------------+


+--------------------------------------------------------------------------------------------------------------------------+
; Flow Elapsed Time                                                                                                        ;
+----------------------+--------------+-------------------------+---------------------+------------------------------------+
; Module Name          ; Elapsed Time ; Average Processors Used ; Peak Virtual Memory ; Total CPU Time (on all processors) ;
+----------------------+--------------+-------------------------+---------------------+------------------------------------+
; Analysis & Synthesis ; 00:00:44     ; 1.0                     ; 4989 MB             ; 00:00:51                           ;
; Fitter               ; 00:00:12     ; 1.3                     ; 6199 MB             ; 00:00:17                           ;
; Assembler            ; 00:00:01     ; 1.0                     ; 4690 MB             ; 00:00:01                           ;
; Timing Analyzer      ; 00:00:03     ; 1.7                     ; 4905 MB             ; 00:00:04                           ;
; EDA Netlist Writer   ; 00:00:05     ; 1.0                     ; 4701 MB             ; 00:00:05                           ;
; Total                ; 00:01:05     ; --                      ; --                  ; 00:01:18                           ;
+----------------------+--------------+-------------------------+---------------------+------------------------------------+


+------------------------------------------------------------------------------------+
; Flow OS Summary                                                                    ;
+----------------------+------------------+------------+------------+----------------+
; Module Name          ; Machine Hostname ; OS Name    ; OS Version ; Processor type ;
+----------------------+------------------+------------+------------+----------------+
; Analysis & Synthesis ; LAPTOP-J6NPPLMI  ; Windows 10 ; 10.0       ; x86_64         ;
; Fitter               ; LAPTOP-J6NPPLMI  ; Windows 10 ; 10.0       ; x86_64         ;
; Assembler            ; LAPTOP-J6NPPLMI  ; Windows 10 ; 10.0       ; x86_64         ;
; Timing Analyzer      ; LAPTOP-J6NPPLMI  ; Windows 10 ; 10.0       ; x86_64         ;
; EDA Netlist Writer   ; LAPTOP-J6NPPLMI  ; Windows 10 ; 10.0       ; x86_64         ;
+----------------------+------------------+------------+------------+----------------+


------------
; Flow Log ;
------------
quartus_map --read_settings_files=on --write_settings_files=off qsys_hello_world -c qsys_hello_world
quartus_fit --read_settings_files=off --write_settings_files=off qsys_hello_world -c qsys_hello_world
quartus_asm --read_settings_files=off --write_settings_files=off qsys_hello_world -c qsys_hello_world
quartus_sta qsys_hello_world -c qsys_hello_world
quartus_eda --read_settings_files=off --write_settings_files=off qsys_hello_world -c qsys_hello_world



